<?xml version="1.0" encoding="utf-8"?>
<CoverageSession xmlns:xsd="http://www.w3.org/2001/XMLSchema" xmlns:xsi="http://www.w3.org/2001/XMLSchema-instance">
  <Summary numSequencePoints="95" visitedSequencePoints="91" numBranchPoints="70" visitedBranchPoints="68" sequenceCoverage="95.79" branchCoverage="97.14" maxCyclomaticComplexity="13" minCyclomaticComplexity="1" visitedClasses="6" numClasses="7" visitedMethods="37" numMethods="38" />
  <Modules>
    <Module skippedDueTo="Filter" hash="D8-53-B0-07-8D-F9-9A-13-7D-98-00-E6-F2-C4-C4-74-70-5D-80-7A">
      <ModulePath>C:\WINDOWS\Microsoft.Net\assembly\GAC_64\mscorlib\v4.0_4.0.0.0__b77a5c561934e089\mscorlib.dll</ModulePath>
      <ModuleTime>2015-11-30T20:15:42.9516397Z</ModuleTime>
      <ModuleName>mscorlib</ModuleName>
      <Classes />
    </Module>
    <Module skippedDueTo="Filter" hash="C9-73-ED-04-00-C6-51-60-27-F2-A0-0B-90-05-B8-86-6E-DB-6B-00">
      <ModulePath>C:\github\gep13\Cake.Tfx\tools\xunit.runner.console\tools\xunit.console.exe</ModulePath>
      <ModuleTime>2015-09-27T09:34:28Z</ModuleTime>
      <ModuleName>xunit.console</ModuleName>
      <Classes />
    </Module>
    <Module skippedDueTo="Filter" hash="2C-BE-1B-C3-02-35-ED-A0-CC-7C-AB-BA-F1-C5-8D-DE-79-03-01-9A">
      <ModulePath>C:\github\gep13\Cake.Tfx\tools\xunit.runner.console\tools\xunit.runner.utility.desktop.dll</ModulePath>
      <ModuleTime>2015-09-27T09:34:28Z</ModuleTime>
      <ModuleName>xunit.runner.utility.desktop</ModuleName>
      <Classes />
    </Module>
    <Module skippedDueTo="Filter" hash="9E-A9-5D-7F-86-82-4D-02-7D-07-AD-C0-17-06-5D-73-8F-1F-28-44">
      <ModulePath>C:\github\gep13\Cake.Tfx\tools\xunit.runner.console\tools\xunit.abstractions.dll</ModulePath>
      <ModuleTime>2015-09-27T09:34:28Z</ModuleTime>
      <ModuleName>xunit.abstractions</ModuleName>
      <Classes />
    </Module>
    <Module skippedDueTo="Filter" hash="31-76-6A-81-5B-45-2B-B2-02-8C-E4-69-D2-C3-8F-87-B1-54-25-E8">
      <ModulePath>C:\WINDOWS\Microsoft.Net\assembly\GAC_MSIL\System.Core\v4.0_4.0.0.0__b77a5c561934e089\System.Core.dll</ModulePath>
      <ModuleTime>2015-11-30T20:16:15.7967964Z</ModuleTime>
      <ModuleName>System.Core</ModuleName>
      <Classes />
    </Module>
    <Module skippedDueTo="Filter" hash="AA-84-EA-4A-FD-23-17-44-E5-3B-73-2A-3D-B6-0E-17-EE-E1-53-6A">
      <ModulePath>C:\github\gep13\Cake.Tfx\tools\xunit.runner.console\tools\xunit.runner.reporters.desktop.dll</ModulePath>
      <ModuleTime>2015-09-27T09:34:28Z</ModuleTime>
      <ModuleName>xunit.runner.reporters.desktop</ModuleName>
      <Classes />
    </Module>
    <Module skippedDueTo="Filter" hash="89-DD-2A-3B-C0-B4-7D-15-D9-76-B9-27-55-4B-FA-41-13-70-B3-D7">
      <ModulePath>C:\WINDOWS\Microsoft.Net\assembly\GAC_MSIL\System.Net.Http\v4.0_4.0.0.0__b03f5f7f11d50a3a\System.Net.Http.dll</ModulePath>
      <ModuleTime>2015-11-30T20:16:11.5505176Z</ModuleTime>
      <ModuleName>System.Net.Http</ModuleName>
      <Classes />
    </Module>
    <Module skippedDueTo="Filter" hash="10-12-A2-C6-A0-B8-51-63-D1-3A-89-CF-6B-26-F7-7D-C2-69-68-B0">
      <ModulePath>C:\WINDOWS\Microsoft.Net\assembly\GAC_MSIL\System\v4.0_4.0.0.0__b77a5c561934e089\System.dll</ModulePath>
      <ModuleTime>2016-02-26T03:21:48Z</ModuleTime>
      <ModuleName>System</ModuleName>
      <Classes />
    </Module>
    <Module skippedDueTo="Filter" hash="88-6A-6B-01-45-41-56-CA-F4-B7-2E-E0-B2-25-8A-C5-B1-89-47-7F">
      <ModulePath>C:\WINDOWS\Microsoft.Net\assembly\GAC_64\System.Web\v4.0_4.0.0.0__b03f5f7f11d50a3a\System.Web.dll</ModulePath>
      <ModuleTime>2016-01-05T00:35:18.1218729Z</ModuleTime>
      <ModuleName>System.Web</ModuleName>
      <Classes />
    </Module>
    <Module skippedDueTo="Filter" hash="DF-4A-DE-40-BE-24-D6-36-12-5C-3E-21-0D-59-5D-93-07-87-C1-6D">
      <ModulePath>C:\WINDOWS\Microsoft.Net\assembly\GAC_MSIL\System.Xml.Linq\v4.0_4.0.0.0__b77a5c561934e089\System.Xml.Linq.dll</ModulePath>
      <ModuleTime>2013-08-10T00:55:49.3051911Z</ModuleTime>
      <ModuleName>System.Xml.Linq</ModuleName>
      <Classes />
    </Module>
    <Module skippedDueTo="Filter" hash="14-44-50-38-34-98-5F-C6-45-8B-50-B5-CF-D7-E1-0A-28-8F-5E-E8">
      <ModulePath>C:\WINDOWS\Microsoft.Net\assembly\GAC_MSIL\System.Xml\v4.0_4.0.0.0__b77a5c561934e089\System.Xml.dll</ModulePath>
      <ModuleTime>2015-12-03T03:40:40Z</ModuleTime>
      <ModuleName>System.Xml</ModuleName>
      <Classes />
    </Module>
    <Module skippedDueTo="Filter" hash="9C-DB-95-DC-25-D5-38-7E-C2-3A-20-8F-14-5D-A9-56-2A-D7-00-E3">
      <ModulePath>C:\WINDOWS\Microsoft.Net\assembly\GAC_MSIL\System.Configuration\v4.0_4.0.0.0__b03f5f7f11d50a3a\System.Configuration.dll</ModulePath>
      <ModuleTime>2015-11-30T20:16:15.9328056Z</ModuleTime>
      <ModuleName>System.Configuration</ModuleName>
      <Classes />
    </Module>
    <Module skippedDueTo="Filter" hash="2C-BE-1B-C3-02-35-ED-A0-CC-7C-AB-BA-F1-C5-8D-DE-79-03-01-9A">
      <ModulePath>C:\Users\gary.park\AppData\Local\Temp\fd76a104-8e0a-4a77-8616-91064cf6733c\fd76a104-8e0a-4a77-8616-91064cf6733c\assembly\dl3\620c0691\00aa5fb4_07f9d001\xunit.runner.utility.desktop.dll</ModulePath>
      <ModuleTime>2016-08-14T15:06:47.7729894Z</ModuleTime>
      <ModuleName>xunit.runner.utility.desktop</ModuleName>
      <Classes />
    </Module>
    <Module skippedDueTo="Filter" hash="31-76-6A-81-5B-45-2B-B2-02-8C-E4-69-D2-C3-8F-87-B1-54-25-E8">
      <ModulePath>C:\WINDOWS\Microsoft.Net\assembly\GAC_MSIL\System.Core\v4.0_4.0.0.0__b77a5c561934e089\System.Core.dll</ModulePath>
      <ModuleTime>2015-11-30T20:16:15.7967964Z</ModuleTime>
      <ModuleName>System.Core</ModuleName>
      <Classes />
    </Module>
    <Module skippedDueTo="Filter" hash="10-12-A2-C6-A0-B8-51-63-D1-3A-89-CF-6B-26-F7-7D-C2-69-68-B0">
      <ModulePath>C:\WINDOWS\Microsoft.Net\assembly\GAC_MSIL\System\v4.0_4.0.0.0__b77a5c561934e089\System.dll</ModulePath>
      <ModuleTime>2016-02-26T03:21:48Z</ModuleTime>
      <ModuleName>System</ModuleName>
      <Classes />
    </Module>
    <Module skippedDueTo="MissingPdb" hash="">
      <ModulePath>RefEmit_InMemoryManifestModule</ModulePath>
      <ModuleTime>0001-01-01T00:00:00</ModuleTime>
      <ModuleName>Anonymously Hosted DynamicMethods Assembly</ModuleName>
      <Classes />
    </Module>
    <Module skippedDueTo="Filter" hash="8F-33-AF-33-F1-2C-DC-DD-38-A4-A3-D1-45-15-05-E4-B5-B5-80-94">
      <ModulePath>C:\github\gep13\Cake.Tfx\BuildArtifacts\temp\_PublishedxUnitTests\Cake.Tfx.Tests\Cake.Tfx.Tests.dll</ModulePath>
      <ModuleTime>2016-08-14T15:06:39.5420678Z</ModuleTime>
      <ModuleName>Cake.Tfx.Tests</ModuleName>
      <Classes />
    </Module>
    <Module skippedDueTo="Filter" hash="9B-79-31-3B-3B-26-1F-B9-05-41-D7-D9-7D-39-16-F6-6F-4F-81-7D">
      <ModulePath>C:\github\gep13\Cake.Tfx\BuildArtifacts\temp\_PublishedxUnitTests\Cake.Tfx.Tests\Cake.Testing.dll</ModulePath>
      <ModuleTime>2016-07-29T19:00:36Z</ModuleTime>
      <ModuleName>Cake.Testing</ModuleName>
      <Classes />
    </Module>
    <Module skippedDueTo="Filter" hash="3B-A3-F9-34-51-48-E5-F6-6D-D6-15-50-37-A9-BB-9E-AA-95-89-A4">
      <ModulePath>C:\github\gep13\Cake.Tfx\BuildArtifacts\temp\_PublishedxUnitTests\Cake.Tfx.Tests\Cake.Core.dll</ModulePath>
      <ModuleTime>2016-07-29T19:00:34Z</ModuleTime>
      <ModuleName>Cake.Core</ModuleName>
      <Classes />
    </Module>
    <Module hash="ED-8F-EA-37-A3-AF-1C-58-58-C6-B8-E1-BF-B2-08-89-9A-96-C4-79">
      <Summary numSequencePoints="95" visitedSequencePoints="91" numBranchPoints="70" visitedBranchPoints="68" sequenceCoverage="95.79" branchCoverage="97.14" maxCyclomaticComplexity="13" minCyclomaticComplexity="1" visitedClasses="6" numClasses="7" visitedMethods="37" numMethods="38" />
      <ModulePath>C:\github\gep13\Cake.Tfx\BuildArtifacts\temp\_PublishedxUnitTests\Cake.Tfx.Tests\Cake.Tfx.dll</ModulePath>
      <ModuleTime>2016-08-14T15:06:38.7790233Z</ModuleTime>
      <ModuleName>Cake.Tfx</ModuleName>
      <Files>
        <File uid="1" fullPath="C:\github\gep13\Cake.Tfx\Source\Cake.Tfx\TfxAliases.cs" />
        <File uid="2" fullPath="C:\github\gep13\Cake.Tfx\Source\Cake.Tfx\TfxArgumentBuilder.cs" />
        <File uid="3" fullPath="C:\github\gep13\Cake.Tfx\Source\Cake.Tfx\TfxSettings.cs" />
        <File uid="4" fullPath="C:\github\gep13\Cake.Tfx\Source\Cake.Tfx\TfxTool.cs" />
        <File uid="5" fullPath="C:\github\gep13\Cake.Tfx\Source\Cake.Tfx\Extension\Create\TfxExtensionCreateArgumentBuilder.cs" />
        <File uid="6" fullPath="C:\github\gep13\Cake.Tfx\Source\Cake.Tfx\Extension\Create\TfxExtensionCreateRunner.cs" />
        <File uid="7" fullPath="C:\github\gep13\Cake.Tfx\Source\Cake.Tfx\Extension\Create\TfxExtensionCreateSettings.cs" />
      </Files>
      <Classes>
        <Class>
          <Summary numSequencePoints="0" visitedSequencePoints="0" numBranchPoints="0" visitedBranchPoints="0" sequenceCoverage="0" branchCoverage="0" maxCyclomaticComplexity="0" minCyclomaticComplexity="0" visitedClasses="0" numClasses="0" visitedMethods="0" numMethods="0" />
          <FullName>&lt;Module&gt;</FullName>
          <Methods />
        </Class>
        <Class>
          <Summary numSequencePoints="3" visitedSequencePoints="0" numBranchPoints="1" visitedBranchPoints="0" sequenceCoverage="0" branchCoverage="0" maxCyclomaticComplexity="1" minCyclomaticComplexity="1" visitedClasses="0" numClasses="1" visitedMethods="0" numMethods="1" />
          <FullName>Cake.Tfx.TfxAliases</FullName>
          <Methods>
            <Method visited="false" cyclomaticComplexity="1" nPathComplexity="0" sequenceCoverage="0" branchCoverage="0" isConstructor="false" isStatic="true" isGetter="false" isSetter="false">
              <Summary numSequencePoints="3" visitedSequencePoints="0" numBranchPoints="1" visitedBranchPoints="0" sequenceCoverage="0" branchCoverage="0" maxCyclomaticComplexity="1" minCyclomaticComplexity="1" visitedClasses="0" numClasses="0" visitedMethods="0" numMethods="1" />
              <MetadataToken>100663297</MetadataToken>
              <Name>System.Void Cake.Tfx.TfxAliases::TfxExtensionCreate(Cake.Core.ICakeContext,Cake.Tfx.Extension.Create.TfxExtensionCreateSettings)</Name>
              <FileRef uid="1" />
              <SequencePoints>
                <SequencePoint vc="0" uspid="1" ordinal="0" offset="0" sl="29" sc="13" el="29" ec="134" bec="0" bev="0" fileid="1" />
                <SequencePoint vc="0" uspid="2" ordinal="1" offset="29" sl="30" sc="13" el="30" ec="37" bec="0" bev="0" fileid="1" />
                <SequencePoint vc="0" uspid="3" ordinal="2" offset="35" sl="31" sc="9" el="31" ec="10" bec="0" bev="0" fileid="1" />
              </SequencePoints>
              <BranchPoints />
              <MethodPoint xsi:type="SequencePoint" vc="0" uspid="1" ordinal="0" offset="0" sl="29" sc="13" el="29" ec="134" bec="0" bev="0" fileid="1" />
            </Method>
          </Methods>
        </Class>
        <Class>
          <Summary numSequencePoints="22" visitedSequencePoints="21" numBranchPoints="15" visitedBranchPoints="14" sequenceCoverage="95.45" branchCoverage="93.33" maxCyclomaticComplexity="5" minCyclomaticComplexity="1" visitedClasses="1" numClasses="1" visitedMethods="5" numMethods="5" />
          <FullName>Cake.Tfx.TfxArgumentBuilder`1</FullName>
          <Methods>
            <Method visited="true" cyclomaticComplexity="1" nPathComplexity="0" sequenceCoverage="100" branchCoverage="100" isConstructor="false" isStatic="false" isGetter="true" isSetter="false">
              <Summary numSequencePoints="1" visitedSequencePoints="1" numBranchPoints="1" visitedBranchPoints="1" sequenceCoverage="100" branchCoverage="100" maxCyclomaticComplexity="1" minCyclomaticComplexity="1" visitedClasses="0" numClasses="0" visitedMethods="1" numMethods="1" />
              <MetadataToken>100663299</MetadataToken>
              <Name>Cake.Core.ICakeEnvironment Cake.Tfx.TfxArgumentBuilder`1::get_Environment()</Name>
              <FileRef uid="2" />
              <SequencePoints>
                <SequencePoint vc="3" uspid="4" ordinal="0" offset="0" sl="33" sc="51" el="33" ec="63" bec="0" bev="0" fileid="2" />
              </SequencePoints>
              <BranchPoints />
              <MethodPoint xsi:type="SequencePoint" vc="3" uspid="4" ordinal="0" offset="0" sl="33" sc="51" el="33" ec="63" bec="0" bev="0" fileid="2" />
            </Method>
            <Method visited="true" cyclomaticComplexity="1" nPathComplexity="0" sequenceCoverage="100" branchCoverage="100" isConstructor="true" isStatic="false" isGetter="false" isSetter="false">
              <Summary numSequencePoints="5" visitedSequencePoints="5" numBranchPoints="1" visitedBranchPoints="1" sequenceCoverage="100" branchCoverage="100" maxCyclomaticComplexity="1" minCyclomaticComplexity="1" visitedClasses="0" numClasses="0" visitedMethods="1" numMethods="1" />
              <MetadataToken>100663298</MetadataToken>
              <Name>System.Void Cake.Tfx.TfxArgumentBuilder`1::.ctor(Cake.Core.ICakeEnvironment,T)</Name>
              <FileRef uid="2" />
              <SequencePoints>
                <SequencePoint vc="21" uspid="5" ordinal="0" offset="0" sl="23" sc="9" el="23" ec="78" bec="0" bev="0" fileid="2" />
                <SequencePoint vc="21" uspid="6" ordinal="1" offset="6" sl="25" sc="13" el="25" ec="40" bec="0" bev="0" fileid="2" />
                <SequencePoint vc="21" uspid="7" ordinal="2" offset="13" sl="26" sc="13" el="26" ec="33" bec="0" bev="0" fileid="2" />
                <SequencePoint vc="21" uspid="8" ordinal="3" offset="20" sl="27" sc="13" el="27" ec="53" bec="0" bev="0" fileid="2" />
                <SequencePoint vc="21" uspid="9" ordinal="4" offset="31" sl="28" sc="9" el="28" ec="10" bec="0" bev="0" fileid="2" />
              </SequencePoints>
              <BranchPoints />
              <MethodPoint xsi:type="SequencePoint" vc="21" uspid="5" ordinal="0" offset="0" sl="23" sc="9" el="23" ec="78" bec="0" bev="0" fileid="2" />
            </Method>
            <Method visited="true" cyclomaticComplexity="1" nPathComplexity="0" sequenceCoverage="100" branchCoverage="100" isConstructor="false" isStatic="false" isGetter="false" isSetter="false">
              <Summary numSequencePoints="3" visitedSequencePoints="3" numBranchPoints="1" visitedBranchPoints="1" sequenceCoverage="100" branchCoverage="100" maxCyclomaticComplexity="1" minCyclomaticComplexity="1" visitedClasses="0" numClasses="0" visitedMethods="1" numMethods="1" />
              <MetadataToken>100663300</MetadataToken>
              <Name>Cake.Core.IO.ProcessArgumentBuilder Cake.Tfx.TfxArgumentBuilder`1::GetArguments()</Name>
              <FileRef uid="2" />
              <SequencePoints>
                <SequencePoint vc="21" uspid="10" ordinal="0" offset="0" sl="41" sc="13" el="41" ec="47" bec="0" bev="0" fileid="2" />
                <SequencePoint vc="21" uspid="11" ordinal="1" offset="18" sl="42" sc="13" el="42" ec="34" bec="0" bev="0" fileid="2" />
                <SequencePoint vc="21" uspid="12" ordinal="2" offset="24" sl="43" sc="13" el="43" ec="29" bec="0" bev="0" fileid="2" />
              </SequencePoints>
              <BranchPoints />
              <MethodPoint xsi:type="SequencePoint" vc="21" uspid="10" ordinal="0" offset="0" sl="41" sc="13" el="41" ec="47" bec="0" bev="0" fileid="2" />
            </Method>
            <Method visited="true" cyclomaticComplexity="4" nPathComplexity="8" sequenceCoverage="100" branchCoverage="100" isConstructor="false" isStatic="false" isGetter="false" isSetter="false">
              <Summary numSequencePoints="8" visitedSequencePoints="8" numBranchPoints="7" visitedBranchPoints="7" sequenceCoverage="100" branchCoverage="100" maxCyclomaticComplexity="4" minCyclomaticComplexity="4" visitedClasses="0" numClasses="0" visitedMethods="1" numMethods="1" />
              <MetadataToken>100663302</MetadataToken>
              <Name>System.Void Cake.Tfx.TfxArgumentBuilder`1::AddCommonArguments()</Name>
              <FileRef uid="2" />
              <SequencePoints>
                <SequencePoint vc="21" uspid="13" ordinal="0" offset="0" sl="55" sc="13" el="55" ec="32" bec="2" bev="2" fileid="2" />
                <SequencePoint vc="1" uspid="14" ordinal="1" offset="18" sl="57" sc="17" el="57" ec="43" bec="0" bev="0" fileid="2" />
                <SequencePoint vc="21" uspid="15" ordinal="2" offset="35" sl="60" sc="13" el="60" ec="36" bec="2" bev="2" fileid="2" />
                <SequencePoint vc="1" uspid="16" ordinal="3" offset="53" sl="62" sc="17" el="62" ec="48" bec="0" bev="0" fileid="2" />
                <SequencePoint vc="21" uspid="17" ordinal="4" offset="70" sl="65" sc="13" el="65" ec="43" bec="2" bev="2" fileid="2" />
                <SequencePoint vc="3" uspid="18" ordinal="5" offset="96" sl="67" sc="17" el="67" ec="45" bec="0" bev="0" fileid="2" />
                <SequencePoint vc="3" uspid="19" ordinal="6" offset="113" sl="68" sc="17" el="68" ec="72" bec="0" bev="0" fileid="2" />
                <SequencePoint vc="21" uspid="20" ordinal="7" offset="154" sl="70" sc="9" el="70" ec="10" bec="0" bev="0" fileid="2" />
              </SequencePoints>
              <BranchPoints>
                <BranchPoint vc="1" uspid="21" ordinal="0" offset="16" sl="55" path="0" offsetend="18" fileid="2" />
                <BranchPoint vc="20" uspid="22" ordinal="1" offset="16" sl="55" path="1" offsetend="35" fileid="2" />
                <BranchPoint vc="1" uspid="23" ordinal="2" offset="51" sl="60" path="0" offsetend="53" fileid="2" />
                <BranchPoint vc="20" uspid="24" ordinal="3" offset="51" sl="60" path="1" offsetend="70" fileid="2" />
                <BranchPoint vc="3" uspid="25" ordinal="4" offset="94" sl="65" path="0" offsetend="96" fileid="2" />
                <BranchPoint vc="18" uspid="26" ordinal="5" offset="94" sl="65" path="1" offsetend="154" fileid="2" />
              </BranchPoints>
              <MethodPoint xsi:type="SequencePoint" vc="21" uspid="13" ordinal="0" offset="0" sl="55" sc="13" el="55" ec="32" bec="2" bev="2" fileid="2" />
            </Method>
            <Method visited="true" cyclomaticComplexity="5" nPathComplexity="4" sequenceCoverage="80" branchCoverage="80" isConstructor="false" isStatic="true" isGetter="false" isSetter="false">
              <Summary numSequencePoints="5" visitedSequencePoints="4" numBranchPoints="5" visitedBranchPoints="4" sequenceCoverage="80" branchCoverage="80" maxCyclomaticComplexity="5" minCyclomaticComplexity="5" visitedClasses="0" numClasses="0" visitedMethods="1" numMethods="1" />
              <MetadataToken>100663303</MetadataToken>
              <Name>System.String Cake.Tfx.TfxArgumentBuilder`1::GetOutputName(Cake.Tfx.TfxOutputType)</Name>
              <FileRef uid="2" />
              <SequencePoints>
                <SequencePoint vc="3" uspid="27" ordinal="0" offset="0" sl="74" sc="13" el="74" ec="28" bec="4" bev="3" fileid="2" />
                <SequencePoint vc="1" uspid="28" ordinal="1" offset="20" sl="77" sc="21" el="77" ec="39" bec="0" bev="0" fileid="2" />
                <SequencePoint vc="1" uspid="29" ordinal="2" offset="26" sl="79" sc="21" el="79" ec="35" bec="0" bev="0" fileid="2" />
                <SequencePoint vc="1" uspid="30" ordinal="3" offset="32" sl="81" sc="21" el="81" ec="40" bec="0" bev="0" fileid="2" />
                <SequencePoint vc="0" uspid="31" ordinal="4" offset="38" sl="83" sc="21" el="83" ec="90" bec="0" bev="0" fileid="2" />
              </SequencePoints>
              <BranchPoints>
                <BranchPoint vc="0" uspid="32" ordinal="0" offset="1" sl="74" path="0" offsetchain="18" offsetend="38" fileid="2" />
                <BranchPoint vc="1" uspid="33" ordinal="1" offset="1" sl="74" path="1" offsetend="20" fileid="2" />
                <BranchPoint vc="1" uspid="34" ordinal="2" offset="1" sl="74" path="2" offsetend="26" fileid="2" />
                <BranchPoint vc="1" uspid="35" ordinal="3" offset="1" sl="74" path="3" offsetend="32" fileid="2" />
              </BranchPoints>
              <MethodPoint xsi:type="SequencePoint" vc="3" uspid="27" ordinal="0" offset="0" sl="74" sc="13" el="74" ec="28" bec="4" bev="3" fileid="2" />
            </Method>
          </Methods>
        </Class>
        <Class>
          <Summary numSequencePoints="6" visitedSequencePoints="6" numBranchPoints="6" visitedBranchPoints="6" sequenceCoverage="100" branchCoverage="100" maxCyclomaticComplexity="1" minCyclomaticComplexity="1" visitedClasses="1" numClasses="1" visitedMethods="6" numMethods="6" />
          <FullName>Cake.Tfx.TfxSettings</FullName>
          <Methods>
            <Method visited="true" cyclomaticComplexity="1" nPathComplexity="0" sequenceCoverage="100" branchCoverage="100" isConstructor="false" isStatic="false" isGetter="true" isSetter="false">
              <Summary numSequencePoints="1" visitedSequencePoints="1" numBranchPoints="1" visitedBranchPoints="1" sequenceCoverage="100" branchCoverage="100" maxCyclomaticComplexity="1" minCyclomaticComplexity="1" visitedClasses="0" numClasses="0" visitedMethods="1" numMethods="1" />
              <MetadataToken>100663304</MetadataToken>
              <Name>System.Boolean Cake.Tfx.TfxSettings::get_Save()</Name>
              <FileRef uid="3" />
              <SequencePoints>
                <SequencePoint vc="21" uspid="36" ordinal="0" offset="0" sl="13" sc="28" el="13" ec="32" bec="0" bev="0" fileid="3" />
              </SequencePoints>
              <BranchPoints />
              <MethodPoint xsi:type="SequencePoint" vc="21" uspid="36" ordinal="0" offset="0" sl="13" sc="28" el="13" ec="32" bec="0" bev="0" fileid="3" />
            </Method>
            <Method visited="true" cyclomaticComplexity="1" nPathComplexity="0" sequenceCoverage="100" branchCoverage="100" isConstructor="false" isStatic="false" isGetter="false" isSetter="true">
              <Summary numSequencePoints="1" visitedSequencePoints="1" numBranchPoints="1" visitedBranchPoints="1" sequenceCoverage="100" branchCoverage="100" maxCyclomaticComplexity="1" minCyclomaticComplexity="1" visitedClasses="0" numClasses="0" visitedMethods="1" numMethods="1" />
              <MetadataToken>100663305</MetadataToken>
              <Name>System.Void Cake.Tfx.TfxSettings::set_Save(System.Boolean)</Name>
              <FileRef uid="3" />
              <SequencePoints>
                <SequencePoint vc="1" uspid="37" ordinal="0" offset="0" sl="13" sc="33" el="13" ec="37" bec="0" bev="0" fileid="3" />
              </SequencePoints>
              <BranchPoints />
              <MethodPoint xsi:type="SequencePoint" vc="1" uspid="37" ordinal="0" offset="0" sl="13" sc="33" el="13" ec="37" bec="0" bev="0" fileid="3" />
            </Method>
            <Method visited="true" cyclomaticComplexity="1" nPathComplexity="0" sequenceCoverage="100" branchCoverage="100" isConstructor="false" isStatic="false" isGetter="true" isSetter="false">
              <Summary numSequencePoints="1" visitedSequencePoints="1" numBranchPoints="1" visitedBranchPoints="1" sequenceCoverage="100" branchCoverage="100" maxCyclomaticComplexity="1" minCyclomaticComplexity="1" visitedClasses="0" numClasses="0" visitedMethods="1" numMethods="1" />
              <MetadataToken>100663306</MetadataToken>
              <Name>System.Boolean Cake.Tfx.TfxSettings::get_NoPrompt()</Name>
              <FileRef uid="3" />
              <SequencePoints>
                <SequencePoint vc="21" uspid="38" ordinal="0" offset="0" sl="18" sc="32" el="18" ec="36" bec="0" bev="0" fileid="3" />
              </SequencePoints>
              <BranchPoints />
              <MethodPoint xsi:type="SequencePoint" vc="21" uspid="38" ordinal="0" offset="0" sl="18" sc="32" el="18" ec="36" bec="0" bev="0" fileid="3" />
            </Method>
            <Method visited="true" cyclomaticComplexity="1" nPathComplexity="0" sequenceCoverage="100" branchCoverage="100" isConstructor="false" isStatic="false" isGetter="false" isSetter="true">
              <Summary numSequencePoints="1" visitedSequencePoints="1" numBranchPoints="1" visitedBranchPoints="1" sequenceCoverage="100" branchCoverage="100" maxCyclomaticComplexity="1" minCyclomaticComplexity="1" visitedClasses="0" numClasses="0" visitedMethods="1" numMethods="1" />
              <MetadataToken>100663307</MetadataToken>
              <Name>System.Void Cake.Tfx.TfxSettings::set_NoPrompt(System.Boolean)</Name>
              <FileRef uid="3" />
              <SequencePoints>
                <SequencePoint vc="1" uspid="39" ordinal="0" offset="0" sl="18" sc="37" el="18" ec="41" bec="0" bev="0" fileid="3" />
              </SequencePoints>
              <BranchPoints />
              <MethodPoint xsi:type="SequencePoint" vc="1" uspid="39" ordinal="0" offset="0" sl="18" sc="37" el="18" ec="41" bec="0" bev="0" fileid="3" />
            </Method>
            <Method visited="true" cyclomaticComplexity="1" nPathComplexity="0" sequenceCoverage="100" branchCoverage="100" isConstructor="false" isStatic="false" isGetter="true" isSetter="false">
              <Summary numSequencePoints="1" visitedSequencePoints="1" numBranchPoints="1" visitedBranchPoints="1" sequenceCoverage="100" branchCoverage="100" maxCyclomaticComplexity="1" minCyclomaticComplexity="1" visitedClasses="0" numClasses="0" visitedMethods="1" numMethods="1" />
              <MetadataToken>100663308</MetadataToken>
              <Name>System.Nullable`1&lt;Cake.Tfx.TfxOutputType&gt; Cake.Tfx.TfxSettings::get_Output()</Name>
              <FileRef uid="3" />
              <SequencePoints>
                <SequencePoint vc="24" uspid="40" ordinal="0" offset="0" sl="23" sc="40" el="23" ec="44" bec="0" bev="0" fileid="3" />
              </SequencePoints>
              <BranchPoints />
              <MethodPoint xsi:type="SequencePoint" vc="24" uspid="40" ordinal="0" offset="0" sl="23" sc="40" el="23" ec="44" bec="0" bev="0" fileid="3" />
            </Method>
            <Method visited="true" cyclomaticComplexity="1" nPathComplexity="0" sequenceCoverage="100" branchCoverage="100" isConstructor="false" isStatic="false" isGetter="false" isSetter="true">
              <Summary numSequencePoints="1" visitedSequencePoints="1" numBranchPoints="1" visitedBranchPoints="1" sequenceCoverage="100" branchCoverage="100" maxCyclomaticComplexity="1" minCyclomaticComplexity="1" visitedClasses="0" numClasses="0" visitedMethods="1" numMethods="1" />
              <MetadataToken>100663309</MetadataToken>
              <Name>System.Void Cake.Tfx.TfxSettings::set_Output(System.Nullable`1&lt;Cake.Tfx.TfxOutputType&gt;)</Name>
              <FileRef uid="3" />
              <SequencePoints>
                <SequencePoint vc="3" uspid="41" ordinal="0" offset="0" sl="23" sc="45" el="23" ec="49" bec="0" bev="0" fileid="3" />
              </SequencePoints>
              <BranchPoints />
              <MethodPoint xsi:type="SequencePoint" vc="3" uspid="41" ordinal="0" offset="0" sl="23" sc="45" el="23" ec="49" bec="0" bev="0" fileid="3" />
            </Method>
            <Method visited="true" cyclomaticComplexity="1" nPathComplexity="0" sequenceCoverage="0" branchCoverage="0" isConstructor="true" isStatic="false" isGetter="false" isSetter="false">
              <Summary numSequencePoints="0" visitedSequencePoints="0" numBranchPoints="0" visitedBranchPoints="0" sequenceCoverage="0" branchCoverage="0" maxCyclomaticComplexity="1" minCyclomaticComplexity="1" visitedClasses="0" numClasses="0" visitedMethods="0" numMethods="0" />
              <MetadataToken>100663310</MetadataToken>
              <Name>System.Void Cake.Tfx.TfxSettings::.ctor()</Name>
              <SequencePoints />
              <BranchPoints />
              <MethodPoint vc="22" uspid="42" ordinal="0" offset="0" />
            </Method>
          </Methods>
        </Class>
        <Class>
          <Summary numSequencePoints="6" visitedSequencePoints="6" numBranchPoints="4" visitedBranchPoints="4" sequenceCoverage="100" branchCoverage="100" maxCyclomaticComplexity="1" minCyclomaticComplexity="1" visitedClasses="1" numClasses="1" visitedMethods="4" numMethods="4" />
          <FullName>Cake.Tfx.TfxTool`1</FullName>
          <Methods>
            <Method visited="true" cyclomaticComplexity="1" nPathComplexity="0" sequenceCoverage="100" branchCoverage="100" isConstructor="true" isStatic="false" isGetter="false" isSetter="false">
              <Summary numSequencePoints="2" visitedSequencePoints="2" numBranchPoints="1" visitedBranchPoints="1" sequenceCoverage="100" branchCoverage="100" maxCyclomaticComplexity="1" minCyclomaticComplexity="1" visitedClasses="0" numClasses="0" visitedMethods="1" numMethods="1" />
              <MetadataToken>100663311</MetadataToken>
              <Name>System.Void Cake.Tfx.TfxTool`1::.ctor(Cake.Core.IO.IFileSystem,Cake.Core.ICakeEnvironment,Cake.Core.IO.IProcessRunner,Cake.Core.Tooling.IToolLocator)</Name>
              <FileRef uid="4" />
              <SequencePoints>
                <SequencePoint vc="22" uspid="43" ordinal="0" offset="0" sl="27" sc="15" el="27" ec="66" bec="0" bev="0" fileid="4" />
                <SequencePoint vc="22" uspid="44" ordinal="1" offset="11" sl="29" sc="9" el="29" ec="10" bec="0" bev="0" fileid="4" />
              </SequencePoints>
              <BranchPoints />
              <MethodPoint xsi:type="SequencePoint" vc="22" uspid="43" ordinal="0" offset="0" sl="27" sc="15" el="27" ec="66" bec="0" bev="0" fileid="4" />
            </Method>
            <Method visited="true" cyclomaticComplexity="1" nPathComplexity="0" sequenceCoverage="100" branchCoverage="100" isConstructor="false" isStatic="false" isGetter="false" isSetter="false">
              <Summary numSequencePoints="1" visitedSequencePoints="1" numBranchPoints="1" visitedBranchPoints="1" sequenceCoverage="100" branchCoverage="100" maxCyclomaticComplexity="1" minCyclomaticComplexity="1" visitedClasses="0" numClasses="0" visitedMethods="1" numMethods="1" />
              <MetadataToken>100663312</MetadataToken>
              <Name>System.String Cake.Tfx.TfxTool`1::GetToolName()</Name>
              <FileRef uid="4" />
              <SequencePoints>
                <SequencePoint vc="22" uspid="45" ordinal="0" offset="0" sl="37" sc="13" el="37" ec="26" bec="0" bev="0" fileid="4" />
              </SequencePoints>
              <BranchPoints />
              <MethodPoint xsi:type="SequencePoint" vc="22" uspid="45" ordinal="0" offset="0" sl="37" sc="13" el="37" ec="26" bec="0" bev="0" fileid="4" />
            </Method>
            <Method visited="true" cyclomaticComplexity="1" nPathComplexity="0" sequenceCoverage="100" branchCoverage="100" isConstructor="false" isStatic="false" isGetter="false" isSetter="false">
              <Summary numSequencePoints="1" visitedSequencePoints="1" numBranchPoints="1" visitedBranchPoints="1" sequenceCoverage="100" branchCoverage="100" maxCyclomaticComplexity="1" minCyclomaticComplexity="1" visitedClasses="0" numClasses="0" visitedMethods="1" numMethods="1" />
              <MetadataToken>100663313</MetadataToken>
              <Name>System.Collections.Generic.IEnumerable`1&lt;System.String&gt; Cake.Tfx.TfxTool`1::GetToolExecutableNames()</Name>
              <FileRef uid="4" />
              <SequencePoints>
                <SequencePoint vc="19" uspid="46" ordinal="0" offset="0" sl="46" sc="13" el="46" ec="47" bec="0" bev="0" fileid="4" />
              </SequencePoints>
              <BranchPoints />
              <MethodPoint xsi:type="SequencePoint" vc="19" uspid="46" ordinal="0" offset="0" sl="46" sc="13" el="46" ec="47" bec="0" bev="0" fileid="4" />
            </Method>
            <Method visited="true" cyclomaticComplexity="1" nPathComplexity="0" sequenceCoverage="100" branchCoverage="100" isConstructor="false" isStatic="false" isGetter="false" isSetter="false">
              <Summary numSequencePoints="2" visitedSequencePoints="2" numBranchPoints="1" visitedBranchPoints="1" sequenceCoverage="100" branchCoverage="100" maxCyclomaticComplexity="1" minCyclomaticComplexity="1" visitedClasses="0" numClasses="0" visitedMethods="1" numMethods="1" />
              <MetadataToken>100663314</MetadataToken>
              <Name>System.Void Cake.Tfx.TfxTool`1::RunTfx(TSettings,TBuilder)</Name>
              <FileRef uid="4" />
              <SequencePoints>
                <SequencePoint vc="21" uspid="47" ordinal="0" offset="0" sl="58" sc="13" el="58" ec="51" bec="0" bev="0" fileid="4" />
                <SequencePoint vc="18" uspid="48" ordinal="1" offset="18" sl="59" sc="9" el="59" ec="10" bec="0" bev="0" fileid="4" />
              </SequencePoints>
              <BranchPoints />
              <MethodPoint xsi:type="SequencePoint" vc="21" uspid="47" ordinal="0" offset="0" sl="58" sc="13" el="58" ec="51" bec="0" bev="0" fileid="4" />
            </Method>
          </Methods>
        </Class>
        <Class>
          <Summary numSequencePoints="33" visitedSequencePoints="33" numBranchPoints="22" visitedBranchPoints="22" sequenceCoverage="100" branchCoverage="100" maxCyclomaticComplexity="13" minCyclomaticComplexity="1" visitedClasses="1" numClasses="1" visitedMethods="2" numMethods="2" />
          <FullName>Cake.Tfx.Extension.Create.TfxExtensionCreateArgumentBuilder</FullName>
          <Methods>
            <Method visited="true" cyclomaticComplexity="1" nPathComplexity="0" sequenceCoverage="100" branchCoverage="100" isConstructor="true" isStatic="false" isGetter="false" isSetter="false">
              <Summary numSequencePoints="2" visitedSequencePoints="2" numBranchPoints="1" visitedBranchPoints="1" sequenceCoverage="100" branchCoverage="100" maxCyclomaticComplexity="1" minCyclomaticComplexity="1" visitedClasses="0" numClasses="0" visitedMethods="1" numMethods="1" />
              <MetadataToken>100663315</MetadataToken>
              <Name>System.Void Cake.Tfx.Extension.Create.TfxExtensionCreateArgumentBuilder::.ctor(Cake.Core.ICakeEnvironment,Cake.Tfx.Extension.Create.TfxExtensionCreateSettings)</Name>
              <FileRef uid="5" />
              <SequencePoints>
                <SequencePoint vc="21" uspid="49" ordinal="0" offset="0" sl="17" sc="15" el="17" ec="42" bec="0" bev="0" fileid="5" />
                <SequencePoint vc="21" uspid="50" ordinal="1" offset="8" sl="19" sc="9" el="19" ec="10" bec="0" bev="0" fileid="5" />
              </SequencePoints>
              <BranchPoints />
              <MethodPoint xsi:type="SequencePoint" vc="21" uspid="49" ordinal="0" offset="0" sl="17" sc="15" el="17" ec="42" bec="0" bev="0" fileid="5" />
            </Method>
            <Method visited="true" cyclomaticComplexity="13" nPathComplexity="1024" sequenceCoverage="100" branchCoverage="100" isConstructor="false" isStatic="false" isGetter="false" isSetter="false">
              <Summary numSequencePoints="31" visitedSequencePoints="31" numBranchPoints="21" visitedBranchPoints="21" sequenceCoverage="100" branchCoverage="100" maxCyclomaticComplexity="13" minCyclomaticComplexity="13" visitedClasses="0" numClasses="0" visitedMethods="1" numMethods="1" />
              <MetadataToken>100663316</MetadataToken>
              <Name>System.Void Cake.Tfx.Extension.Create.TfxExtensionCreateArgumentBuilder::AddArguments(Cake.Core.IO.ProcessArgumentBuilder,Cake.Tfx.Extension.Create.TfxExtensionCreateSettings)</Name>
              <FileRef uid="5" />
              <SequencePoints>
                <SequencePoint vc="21" uspid="51" ordinal="0" offset="0" sl="28" sc="13" el="28" ec="48" bec="0" bev="0" fileid="5" />
                <SequencePoint vc="21" uspid="52" ordinal="1" offset="12" sl="30" sc="13" el="30" ec="39" bec="2" bev="2" fileid="5" />
                <SequencePoint vc="1" uspid="53" ordinal="2" offset="20" sl="32" sc="17" el="32" ec="42" bec="0" bev="0" fileid="5" />
                <SequencePoint vc="1" uspid="54" ordinal="3" offset="32" sl="33" sc="17" el="33" ec="88" bec="0" bev="0" fileid="5" />
                <SequencePoint vc="21" uspid="55" ordinal="4" offset="61" sl="36" sc="13" el="36" ec="84" bec="3" bev="3" fileid="5" />
                <SequencePoint vc="2" uspid="56" ordinal="5" offset="83" sl="38" sc="17" el="38" ec="52" bec="0" bev="0" fileid="5" />
                <SequencePoint vc="2" uspid="57" ordinal="6" offset="95" sl="40" sc="46" el="40" ec="68" bec="0" bev="0" fileid="5" />
                <SequencePoint vc="3" uspid="58" ordinal="7" offset="109" sl="40" sc="26" el="40" ec="42" bec="0" bev="0" fileid="5" />
                <SequencePoint vc="3" uspid="59" ordinal="8" offset="116" sl="42" sc="21" el="42" ec="56" bec="0" bev="0" fileid="5" />
                <SequencePoint vc="5" uspid="60" ordinal="9" offset="124" sl="40" sc="43" el="40" ec="45" bec="0" bev="0" fileid="5" />
                <SequencePoint vc="21" uspid="61" ordinal="10" offset="144" sl="46" sc="13" el="46" ec="63" bec="2" bev="2" fileid="5" />
                <SequencePoint vc="1" uspid="62" ordinal="11" offset="157" sl="48" sc="17" el="48" ec="46" bec="0" bev="0" fileid="5" />
                <SequencePoint vc="1" uspid="63" ordinal="12" offset="169" sl="49" sc="17" el="49" ec="57" bec="0" bev="0" fileid="5" />
                <SequencePoint vc="21" uspid="64" ordinal="13" offset="182" sl="52" sc="13" el="52" ec="48" bec="2" bev="2" fileid="5" />
                <SequencePoint vc="1" uspid="65" ordinal="14" offset="190" sl="54" sc="17" el="54" ec="52" bec="0" bev="0" fileid="5" />
                <SequencePoint vc="1" uspid="66" ordinal="15" offset="202" sl="55" sc="17" el="55" ec="97" bec="0" bev="0" fileid="5" />
                <SequencePoint vc="21" uspid="67" ordinal="16" offset="231" sl="58" sc="13" el="58" ec="43" bec="2" bev="2" fileid="5" />
                <SequencePoint vc="1" uspid="68" ordinal="17" offset="239" sl="60" sc="17" el="60" ec="55" bec="0" bev="0" fileid="5" />
                <SequencePoint vc="21" uspid="69" ordinal="18" offset="251" sl="63" sc="13" el="63" ec="64" bec="2" bev="2" fileid="5" />
                <SequencePoint vc="1" uspid="70" ordinal="19" offset="264" sl="65" sc="17" el="65" ec="47" bec="0" bev="0" fileid="5" />
                <SequencePoint vc="1" uspid="71" ordinal="20" offset="276" sl="66" sc="17" el="66" ec="58" bec="0" bev="0" fileid="5" />
                <SequencePoint vc="21" uspid="72" ordinal="21" offset="289" sl="69" sc="13" el="69" ec="66" bec="2" bev="2" fileid="5" />
                <SequencePoint vc="1" uspid="73" ordinal="22" offset="302" sl="71" sc="17" el="71" ec="50" bec="0" bev="0" fileid="5" />
                <SequencePoint vc="1" uspid="74" ordinal="23" offset="314" sl="72" sc="17" el="72" ec="60" bec="0" bev="0" fileid="5" />
                <SequencePoint vc="21" uspid="75" ordinal="24" offset="327" sl="75" sc="13" el="75" ec="45" bec="2" bev="2" fileid="5" />
                <SequencePoint vc="1" uspid="76" ordinal="25" offset="335" sl="77" sc="17" el="77" ec="49" bec="0" bev="0" fileid="5" />
                <SequencePoint vc="1" uspid="77" ordinal="26" offset="347" sl="78" sc="17" el="78" ec="94" bec="0" bev="0" fileid="5" />
                <SequencePoint vc="21" uspid="78" ordinal="27" offset="376" sl="81" sc="13" el="81" ec="62" bec="2" bev="2" fileid="5" />
                <SequencePoint vc="1" uspid="79" ordinal="28" offset="389" sl="83" sc="17" el="83" ec="46" bec="0" bev="0" fileid="5" />
                <SequencePoint vc="1" uspid="80" ordinal="29" offset="401" sl="84" sc="17" el="84" ec="56" bec="0" bev="0" fileid="5" />
                <SequencePoint vc="21" uspid="81" ordinal="30" offset="414" sl="86" sc="9" el="86" ec="10" bec="0" bev="0" fileid="5" />
              </SequencePoints>
              <BranchPoints>
                <BranchPoint vc="1" uspid="82" ordinal="0" offset="18" sl="30" path="0" offsetend="20" fileid="5" />
                <BranchPoint vc="20" uspid="83" ordinal="1" offset="18" sl="30" path="1" offsetend="61" fileid="5" />
                <BranchPoint vc="2" uspid="84" ordinal="2" offset="67" sl="36" path="0" offsetend="69" fileid="5" />
                <BranchPoint vc="19" uspid="85" ordinal="3" offset="67" sl="36" path="1" offsetend="144" fileid="5" />
                <BranchPoint vc="2" uspid="86" ordinal="4" offset="81" sl="36" path="0" offsetend="83" fileid="5" />
                <BranchPoint vc="19" uspid="87" ordinal="5" offset="81" sl="36" path="1" offsetend="144" fileid="5" />
                <BranchPoint vc="1" uspid="90" ordinal="8" offset="155" sl="46" path="0" offsetend="157" fileid="5" />
                <BranchPoint vc="20" uspid="91" ordinal="9" offset="155" sl="46" path="1" offsetend="182" fileid="5" />
                <BranchPoint vc="1" uspid="92" ordinal="10" offset="188" sl="52" path="0" offsetend="190" fileid="5" />
                <BranchPoint vc="20" uspid="93" ordinal="11" offset="188" sl="52" path="1" offsetend="231" fileid="5" />
                <BranchPoint vc="1" uspid="94" ordinal="12" offset="237" sl="58" path="0" offsetend="239" fileid="5" />
                <BranchPoint vc="20" uspid="95" ordinal="13" offset="237" sl="58" path="1" offsetend="251" fileid="5" />
                <BranchPoint vc="1" uspid="96" ordinal="14" offset="262" sl="63" path="0" offsetend="264" fileid="5" />
                <BranchPoint vc="20" uspid="97" ordinal="15" offset="262" sl="63" path="1" offsetend="289" fileid="5" />
                <BranchPoint vc="1" uspid="98" ordinal="16" offset="300" sl="69" path="0" offsetend="302" fileid="5" />
                <BranchPoint vc="20" uspid="99" ordinal="17" offset="300" sl="69" path="1" offsetend="327" fileid="5" />
                <BranchPoint vc="1" uspid="100" ordinal="18" offset="333" sl="75" path="0" offsetend="335" fileid="5" />
                <BranchPoint vc="20" uspid="101" ordinal="19" offset="333" sl="75" path="1" offsetend="376" fileid="5" />
                <BranchPoint vc="1" uspid="102" ordinal="20" offset="387" sl="81" path="0" offsetend="389" fileid="5" />
                <BranchPoint vc="20" uspid="103" ordinal="21" offset="387" sl="81" path="1" offsetend="414" fileid="5" />
              </BranchPoints>
              <MethodPoint xsi:type="SequencePoint" vc="21" uspid="51" ordinal="0" offset="0" sl="28" sc="13" el="28" ec="48" bec="0" bev="0" fileid="5" />
            </Method>
          </Methods>
        </Class>
        <Class>
          <Summary numSequencePoints="7" visitedSequencePoints="7" numBranchPoints="4" visitedBranchPoints="4" sequenceCoverage="100" branchCoverage="100" maxCyclomaticComplexity="2" minCyclomaticComplexity="1" visitedClasses="1" numClasses="1" visitedMethods="2" numMethods="2" />
          <FullName>Cake.Tfx.Extension.Create.TfxExtensionCreateRunner</FullName>
          <Methods>
            <Method visited="true" cyclomaticComplexity="1" nPathComplexity="0" sequenceCoverage="100" branchCoverage="100" isConstructor="true" isStatic="false" isGetter="false" isSetter="false">
              <Summary numSequencePoints="3" visitedSequencePoints="3" numBranchPoints="1" visitedBranchPoints="1" sequenceCoverage="100" branchCoverage="100" maxCyclomaticComplexity="1" minCyclomaticComplexity="1" visitedClasses="0" numClasses="0" visitedMethods="1" numMethods="1" />
              <MetadataToken>100663317</MetadataToken>
              <Name>System.Void Cake.Tfx.Extension.Create.TfxExtensionCreateRunner::.ctor(Cake.Core.IO.IFileSystem,Cake.Core.ICakeEnvironment,Cake.Core.IO.IProcessRunner,Cake.Core.Tooling.IToolLocator)</Name>
              <FileRef uid="6" />
              <SequencePoints>
                <SequencePoint vc="22" uspid="104" ordinal="0" offset="0" sl="27" sc="15" el="27" ec="66" bec="0" bev="0" fileid="6" />
                <SequencePoint vc="22" uspid="105" ordinal="1" offset="11" sl="29" sc="13" el="29" ec="40" bec="0" bev="0" fileid="6" />
                <SequencePoint vc="22" uspid="106" ordinal="2" offset="18" sl="30" sc="9" el="30" ec="10" bec="0" bev="0" fileid="6" />
              </SequencePoints>
              <BranchPoints />
              <MethodPoint xsi:type="SequencePoint" vc="22" uspid="104" ordinal="0" offset="0" sl="27" sc="15" el="27" ec="66" bec="0" bev="0" fileid="6" />
            </Method>
            <Method visited="true" cyclomaticComplexity="2" nPathComplexity="2" sequenceCoverage="100" branchCoverage="100" isConstructor="false" isStatic="false" isGetter="false" isSetter="false">
              <Summary numSequencePoints="4" visitedSequencePoints="4" numBranchPoints="3" visitedBranchPoints="3" sequenceCoverage="100" branchCoverage="100" maxCyclomaticComplexity="2" minCyclomaticComplexity="2" visitedClasses="0" numClasses="0" visitedMethods="1" numMethods="1" />
              <MetadataToken>100663318</MetadataToken>
              <Name>System.Void Cake.Tfx.Extension.Create.TfxExtensionCreateRunner::Create(Cake.Tfx.Extension.Create.TfxExtensionCreateSettings)</Name>
              <FileRef uid="6" />
              <SequencePoints>
                <SequencePoint vc="22" uspid="107" ordinal="0" offset="0" sl="38" sc="13" el="38" ec="34" bec="2" bev="2" fileid="6" />
                <SequencePoint vc="1" uspid="108" ordinal="1" offset="3" sl="40" sc="17" el="40" ec="67" bec="0" bev="0" fileid="6" />
                <SequencePoint vc="21" uspid="109" ordinal="2" offset="14" sl="43" sc="13" el="43" ec="93" bec="0" bev="0" fileid="6" />
                <SequencePoint vc="18" uspid="110" ordinal="3" offset="33" sl="44" sc="9" el="44" ec="10" bec="0" bev="0" fileid="6" />
              </SequencePoints>
              <BranchPoints>
                <BranchPoint vc="1" uspid="111" ordinal="0" offset="1" sl="38" path="0" offsetend="3" fileid="6" />
                <BranchPoint vc="21" uspid="112" ordinal="1" offset="1" sl="38" path="1" offsetend="14" fileid="6" />
              </BranchPoints>
              <MethodPoint xsi:type="SequencePoint" vc="22" uspid="107" ordinal="0" offset="0" sl="38" sc="13" el="38" ec="34" bec="2" bev="2" fileid="6" />
            </Method>
          </Methods>
        </Class>
        <Class>
          <Summary numSequencePoints="18" visitedSequencePoints="18" numBranchPoints="18" visitedBranchPoints="18" sequenceCoverage="100" branchCoverage="100" maxCyclomaticComplexity="1" minCyclomaticComplexity="1" visitedClasses="1" numClasses="1" visitedMethods="18" numMethods="18" />
          <FullName>Cake.Tfx.Extension.Create.TfxExtensionCreateSettings</FullName>
          <Methods>
            <Method visited="true" cyclomaticComplexity="1" nPathComplexity="0" sequenceCoverage="100" branchCoverage="100" isConstructor="false" isStatic="false" isGetter="true" isSetter="false">
              <Summary numSequencePoints="1" visitedSequencePoints="1" numBranchPoints="1" visitedBranchPoints="1" sequenceCoverage="100" branchCoverage="100" maxCyclomaticComplexity="1" minCyclomaticComplexity="1" visitedClasses="0" numClasses="0" visitedMethods="1" numMethods="1" />
              <MetadataToken>100663319</MetadataToken>
              <Name>Cake.Core.IO.DirectoryPath Cake.Tfx.Extension.Create.TfxExtensionCreateSettings::get_Root()</Name>
              <FileRef uid="7" />
              <SequencePoints>
                <SequencePoint vc="22" uspid="113" ordinal="0" offset="0" sl="14" sc="37" el="14" ec="41" bec="0" bev="0" fileid="7" />
              </SequencePoints>
              <BranchPoints />
              <MethodPoint xsi:type="SequencePoint" vc="22" uspid="113" ordinal="0" offset="0" sl="14" sc="37" el="14" ec="41" bec="0" bev="0" fileid="7" />
            </Method>
            <Method visited="true" cyclomaticComplexity="1" nPathComplexity="0" sequenceCoverage="100" branchCoverage="100" isConstructor="false" isStatic="false" isGetter="false" isSetter="true">
              <Summary numSequencePoints="1" visitedSequencePoints="1" numBranchPoints="1" visitedBranchPoints="1" sequenceCoverage="100" branchCoverage="100" maxCyclomaticComplexity="1" minCyclomaticComplexity="1" visitedClasses="0" numClasses="0" visitedMethods="1" numMethods="1" />
              <MetadataToken>100663320</MetadataToken>
              <Name>System.Void Cake.Tfx.Extension.Create.TfxExtensionCreateSettings::set_Root(Cake.Core.IO.DirectoryPath)</Name>
              <FileRef uid="7" />
              <SequencePoints>
                <SequencePoint vc="1" uspid="114" ordinal="0" offset="0" sl="14" sc="42" el="14" ec="46" bec="0" bev="0" fileid="7" />
              </SequencePoints>
              <BranchPoints />
              <MethodPoint xsi:type="SequencePoint" vc="1" uspid="114" ordinal="0" offset="0" sl="14" sc="42" el="14" ec="46" bec="0" bev="0" fileid="7" />
            </Method>
            <Method visited="true" cyclomaticComplexity="1" nPathComplexity="0" sequenceCoverage="100" branchCoverage="100" isConstructor="false" isStatic="false" isGetter="true" isSetter="false">
              <Summary numSequencePoints="1" visitedSequencePoints="1" numBranchPoints="1" visitedBranchPoints="1" sequenceCoverage="100" branchCoverage="100" maxCyclomaticComplexity="1" minCyclomaticComplexity="1" visitedClasses="0" numClasses="0" visitedMethods="1" numMethods="1" />
              <MetadataToken>100663321</MetadataToken>
              <Name>System.Collections.Generic.ICollection`1&lt;System.String&gt; Cake.Tfx.Extension.Create.TfxExtensionCreateSettings::get_ManifestGlobs()</Name>
              <FileRef uid="7" />
              <SequencePoints>
                <SequencePoint vc="25" uspid="115" ordinal="0" offset="0" sl="19" sc="52" el="19" ec="56" bec="0" bev="0" fileid="7" />
              </SequencePoints>
              <BranchPoints />
              <MethodPoint xsi:type="SequencePoint" vc="25" uspid="115" ordinal="0" offset="0" sl="19" sc="52" el="19" ec="56" bec="0" bev="0" fileid="7" />
            </Method>
            <Method visited="true" cyclomaticComplexity="1" nPathComplexity="0" sequenceCoverage="100" branchCoverage="100" isConstructor="false" isStatic="false" isGetter="false" isSetter="true">
              <Summary numSequencePoints="1" visitedSequencePoints="1" numBranchPoints="1" visitedBranchPoints="1" sequenceCoverage="100" branchCoverage="100" maxCyclomaticComplexity="1" minCyclomaticComplexity="1" visitedClasses="0" numClasses="0" visitedMethods="1" numMethods="1" />
              <MetadataToken>100663322</MetadataToken>
              <Name>System.Void Cake.Tfx.Extension.Create.TfxExtensionCreateSettings::set_ManifestGlobs(System.Collections.Generic.ICollection`1&lt;System.String&gt;)</Name>
              <FileRef uid="7" />
              <SequencePoints>
                <SequencePoint vc="2" uspid="116" ordinal="0" offset="0" sl="19" sc="57" el="19" ec="61" bec="0" bev="0" fileid="7" />
              </SequencePoints>
              <BranchPoints />
              <MethodPoint xsi:type="SequencePoint" vc="2" uspid="116" ordinal="0" offset="0" sl="19" sc="57" el="19" ec="61" bec="0" bev="0" fileid="7" />
            </Method>
            <Method visited="true" cyclomaticComplexity="1" nPathComplexity="0" sequenceCoverage="100" branchCoverage="100" isConstructor="false" isStatic="false" isGetter="true" isSetter="false">
              <Summary numSequencePoints="1" visitedSequencePoints="1" numBranchPoints="1" visitedBranchPoints="1" sequenceCoverage="100" branchCoverage="100" maxCyclomaticComplexity="1" minCyclomaticComplexity="1" visitedClasses="0" numClasses="0" visitedMethods="1" numMethods="1" />
              <MetadataToken>100663323</MetadataToken>
              <Name>System.String Cake.Tfx.Extension.Create.TfxExtensionCreateSettings::get_Override()</Name>
              <FileRef uid="7" />
              <SequencePoints>
                <SequencePoint vc="22" uspid="117" ordinal="0" offset="0" sl="24" sc="34" el="24" ec="38" bec="0" bev="0" fileid="7" />
              </SequencePoints>
              <BranchPoints />
              <MethodPoint xsi:type="SequencePoint" vc="22" uspid="117" ordinal="0" offset="0" sl="24" sc="34" el="24" ec="38" bec="0" bev="0" fileid="7" />
            </Method>
            <Method visited="true" cyclomaticComplexity="1" nPathComplexity="0" sequenceCoverage="100" branchCoverage="100" isConstructor="false" isStatic="false" isGetter="false" isSetter="true">
              <Summary numSequencePoints="1" visitedSequencePoints="1" numBranchPoints="1" visitedBranchPoints="1" sequenceCoverage="100" branchCoverage="100" maxCyclomaticComplexity="1" minCyclomaticComplexity="1" visitedClasses="0" numClasses="0" visitedMethods="1" numMethods="1" />
              <MetadataToken>100663324</MetadataToken>
              <Name>System.Void Cake.Tfx.Extension.Create.TfxExtensionCreateSettings::set_Override(System.String)</Name>
              <FileRef uid="7" />
              <SequencePoints>
                <SequencePoint vc="1" uspid="118" ordinal="0" offset="0" sl="24" sc="39" el="24" ec="43" bec="0" bev="0" fileid="7" />
              </SequencePoints>
              <BranchPoints />
              <MethodPoint xsi:type="SequencePoint" vc="1" uspid="118" ordinal="0" offset="0" sl="24" sc="39" el="24" ec="43" bec="0" bev="0" fileid="7" />
            </Method>
            <Method visited="true" cyclomaticComplexity="1" nPathComplexity="0" sequenceCoverage="100" branchCoverage="100" isConstructor="false" isStatic="false" isGetter="true" isSetter="false">
              <Summary numSequencePoints="1" visitedSequencePoints="1" numBranchPoints="1" visitedBranchPoints="1" sequenceCoverage="100" branchCoverage="100" maxCyclomaticComplexity="1" minCyclomaticComplexity="1" visitedClasses="0" numClasses="0" visitedMethods="1" numMethods="1" />
              <MetadataToken>100663325</MetadataToken>
              <Name>Cake.Core.IO.FilePath Cake.Tfx.Extension.Create.TfxExtensionCreateSettings::get_OverridesFile()</Name>
              <FileRef uid="7" />
              <SequencePoints>
                <SequencePoint vc="22" uspid="119" ordinal="0" offset="0" sl="29" sc="41" el="29" ec="45" bec="0" bev="0" fileid="7" />
              </SequencePoints>
              <BranchPoints />
              <MethodPoint xsi:type="SequencePoint" vc="22" uspid="119" ordinal="0" offset="0" sl="29" sc="41" el="29" ec="45" bec="0" bev="0" fileid="7" />
            </Method>
            <Method visited="true" cyclomaticComplexity="1" nPathComplexity="0" sequenceCoverage="100" branchCoverage="100" isConstructor="false" isStatic="false" isGetter="false" isSetter="true">
              <Summary numSequencePoints="1" visitedSequencePoints="1" numBranchPoints="1" visitedBranchPoints="1" sequenceCoverage="100" branchCoverage="100" maxCyclomaticComplexity="1" minCyclomaticComplexity="1" visitedClasses="0" numClasses="0" visitedMethods="1" numMethods="1" />
              <MetadataToken>100663326</MetadataToken>
              <Name>System.Void Cake.Tfx.Extension.Create.TfxExtensionCreateSettings::set_OverridesFile(Cake.Core.IO.FilePath)</Name>
              <FileRef uid="7" />
              <SequencePoints>
                <SequencePoint vc="1" uspid="120" ordinal="0" offset="0" sl="29" sc="46" el="29" ec="50" bec="0" bev="0" fileid="7" />
              </SequencePoints>
              <BranchPoints />
              <MethodPoint xsi:type="SequencePoint" vc="1" uspid="120" ordinal="0" offset="0" sl="29" sc="46" el="29" ec="50" bec="0" bev="0" fileid="7" />
            </Method>
            <Method visited="true" cyclomaticComplexity="1" nPathComplexity="0" sequenceCoverage="100" branchCoverage="100" isConstructor="false" isStatic="false" isGetter="true" isSetter="false">
              <Summary numSequencePoints="1" visitedSequencePoints="1" numBranchPoints="1" visitedBranchPoints="1" sequenceCoverage="100" branchCoverage="100" maxCyclomaticComplexity="1" minCyclomaticComplexity="1" visitedClasses="0" numClasses="0" visitedMethods="1" numMethods="1" />
              <MetadataToken>100663327</MetadataToken>
              <Name>System.Boolean Cake.Tfx.Extension.Create.TfxExtensionCreateSettings::get_BypassValidation()</Name>
              <FileRef uid="7" />
              <SequencePoints>
                <SequencePoint vc="21" uspid="121" ordinal="0" offset="0" sl="34" sc="40" el="34" ec="44" bec="0" bev="0" fileid="7" />
              </SequencePoints>
              <BranchPoints />
              <MethodPoint xsi:type="SequencePoint" vc="21" uspid="121" ordinal="0" offset="0" sl="34" sc="40" el="34" ec="44" bec="0" bev="0" fileid="7" />
            </Method>
            <Method visited="true" cyclomaticComplexity="1" nPathComplexity="0" sequenceCoverage="100" branchCoverage="100" isConstructor="false" isStatic="false" isGetter="false" isSetter="true">
              <Summary numSequencePoints="1" visitedSequencePoints="1" numBranchPoints="1" visitedBranchPoints="1" sequenceCoverage="100" branchCoverage="100" maxCyclomaticComplexity="1" minCyclomaticComplexity="1" visitedClasses="0" numClasses="0" visitedMethods="1" numMethods="1" />
              <MetadataToken>100663328</MetadataToken>
              <Name>System.Void Cake.Tfx.Extension.Create.TfxExtensionCreateSettings::set_BypassValidation(System.Boolean)</Name>
              <FileRef uid="7" />
              <SequencePoints>
                <SequencePoint vc="1" uspid="122" ordinal="0" offset="0" sl="34" sc="45" el="34" ec="49" bec="0" bev="0" fileid="7" />
              </SequencePoints>
              <BranchPoints />
              <MethodPoint xsi:type="SequencePoint" vc="1" uspid="122" ordinal="0" offset="0" sl="34" sc="45" el="34" ec="49" bec="0" bev="0" fileid="7" />
            </Method>
            <Method visited="true" cyclomaticComplexity="1" nPathComplexity="0" sequenceCoverage="100" branchCoverage="100" isConstructor="false" isStatic="false" isGetter="true" isSetter="false">
              <Summary numSequencePoints="1" visitedSequencePoints="1" numBranchPoints="1" visitedBranchPoints="1" sequenceCoverage="100" branchCoverage="100" maxCyclomaticComplexity="1" minCyclomaticComplexity="1" visitedClasses="0" numClasses="0" visitedMethods="1" numMethods="1" />
              <MetadataToken>100663329</MetadataToken>
              <Name>System.String Cake.Tfx.Extension.Create.TfxExtensionCreateSettings::get_Publisher()</Name>
              <FileRef uid="7" />
              <SequencePoints>
                <SequencePoint vc="22" uspid="123" ordinal="0" offset="0" sl="39" sc="35" el="39" ec="39" bec="0" bev="0" fileid="7" />
              </SequencePoints>
              <BranchPoints />
              <MethodPoint xsi:type="SequencePoint" vc="22" uspid="123" ordinal="0" offset="0" sl="39" sc="35" el="39" ec="39" bec="0" bev="0" fileid="7" />
            </Method>
            <Method visited="true" cyclomaticComplexity="1" nPathComplexity="0" sequenceCoverage="100" branchCoverage="100" isConstructor="false" isStatic="false" isGetter="false" isSetter="true">
              <Summary numSequencePoints="1" visitedSequencePoints="1" numBranchPoints="1" visitedBranchPoints="1" sequenceCoverage="100" branchCoverage="100" maxCyclomaticComplexity="1" minCyclomaticComplexity="1" visitedClasses="0" numClasses="0" visitedMethods="1" numMethods="1" />
              <MetadataToken>100663330</MetadataToken>
              <Name>System.Void Cake.Tfx.Extension.Create.TfxExtensionCreateSettings::set_Publisher(System.String)</Name>
              <FileRef uid="7" />
              <SequencePoints>
                <SequencePoint vc="1" uspid="124" ordinal="0" offset="0" sl="39" sc="40" el="39" ec="44" bec="0" bev="0" fileid="7" />
              </SequencePoints>
              <BranchPoints />
              <MethodPoint xsi:type="SequencePoint" vc="1" uspid="124" ordinal="0" offset="0" sl="39" sc="40" el="39" ec="44" bec="0" bev="0" fileid="7" />
            </Method>
            <Method visited="true" cyclomaticComplexity="1" nPathComplexity="0" sequenceCoverage="100" branchCoverage="100" isConstructor="false" isStatic="false" isGetter="true" isSetter="false">
              <Summary numSequencePoints="1" visitedSequencePoints="1" numBranchPoints="1" visitedBranchPoints="1" sequenceCoverage="100" branchCoverage="100" maxCyclomaticComplexity="1" minCyclomaticComplexity="1" visitedClasses="0" numClasses="0" visitedMethods="1" numMethods="1" />
              <MetadataToken>100663331</MetadataToken>
              <Name>System.String Cake.Tfx.Extension.Create.TfxExtensionCreateSettings::get_ExtensionId()</Name>
              <FileRef uid="7" />
              <SequencePoints>
                <SequencePoint vc="22" uspid="125" ordinal="0" offset="0" sl="44" sc="37" el="44" ec="41" bec="0" bev="0" fileid="7" />
              </SequencePoints>
              <BranchPoints />
              <MethodPoint xsi:type="SequencePoint" vc="22" uspid="125" ordinal="0" offset="0" sl="44" sc="37" el="44" ec="41" bec="0" bev="0" fileid="7" />
            </Method>
            <Method visited="true" cyclomaticComplexity="1" nPathComplexity="0" sequenceCoverage="100" branchCoverage="100" isConstructor="false" isStatic="false" isGetter="false" isSetter="true">
              <Summary numSequencePoints="1" visitedSequencePoints="1" numBranchPoints="1" visitedBranchPoints="1" sequenceCoverage="100" branchCoverage="100" maxCyclomaticComplexity="1" minCyclomaticComplexity="1" visitedClasses="0" numClasses="0" visitedMethods="1" numMethods="1" />
              <MetadataToken>100663332</MetadataToken>
              <Name>System.Void Cake.Tfx.Extension.Create.TfxExtensionCreateSettings::set_ExtensionId(System.String)</Name>
              <FileRef uid="7" />
              <SequencePoints>
                <SequencePoint vc="1" uspid="126" ordinal="0" offset="0" sl="44" sc="42" el="44" ec="46" bec="0" bev="0" fileid="7" />
              </SequencePoints>
              <BranchPoints />
              <MethodPoint xsi:type="SequencePoint" vc="1" uspid="126" ordinal="0" offset="0" sl="44" sc="42" el="44" ec="46" bec="0" bev="0" fileid="7" />
            </Method>
            <Method visited="true" cyclomaticComplexity="1" nPathComplexity="0" sequenceCoverage="100" branchCoverage="100" isConstructor="false" isStatic="false" isGetter="true" isSetter="false">
              <Summary numSequencePoints="1" visitedSequencePoints="1" numBranchPoints="1" visitedBranchPoints="1" sequenceCoverage="100" branchCoverage="100" maxCyclomaticComplexity="1" minCyclomaticComplexity="1" visitedClasses="0" numClasses="0" visitedMethods="1" numMethods="1" />
              <MetadataToken>100663333</MetadataToken>
              <Name>Cake.Core.IO.DirectoryPath Cake.Tfx.Extension.Create.TfxExtensionCreateSettings::get_OutputPath()</Name>
              <FileRef uid="7" />
              <SequencePoints>
                <SequencePoint vc="22" uspid="127" ordinal="0" offset="0" sl="49" sc="43" el="49" ec="47" bec="0" bev="0" fileid="7" />
              </SequencePoints>
              <BranchPoints />
              <MethodPoint xsi:type="SequencePoint" vc="22" uspid="127" ordinal="0" offset="0" sl="49" sc="43" el="49" ec="47" bec="0" bev="0" fileid="7" />
            </Method>
            <Method visited="true" cyclomaticComplexity="1" nPathComplexity="0" sequenceCoverage="100" branchCoverage="100" isConstructor="false" isStatic="false" isGetter="false" isSetter="true">
              <Summary numSequencePoints="1" visitedSequencePoints="1" numBranchPoints="1" visitedBranchPoints="1" sequenceCoverage="100" branchCoverage="100" maxCyclomaticComplexity="1" minCyclomaticComplexity="1" visitedClasses="0" numClasses="0" visitedMethods="1" numMethods="1" />
              <MetadataToken>100663334</MetadataToken>
              <Name>System.Void Cake.Tfx.Extension.Create.TfxExtensionCreateSettings::set_OutputPath(Cake.Core.IO.DirectoryPath)</Name>
              <FileRef uid="7" />
              <SequencePoints>
                <SequencePoint vc="1" uspid="128" ordinal="0" offset="0" sl="49" sc="48" el="49" ec="52" bec="0" bev="0" fileid="7" />
              </SequencePoints>
              <BranchPoints />
              <MethodPoint xsi:type="SequencePoint" vc="1" uspid="128" ordinal="0" offset="0" sl="49" sc="48" el="49" ec="52" bec="0" bev="0" fileid="7" />
            </Method>
            <Method visited="true" cyclomaticComplexity="1" nPathComplexity="0" sequenceCoverage="100" branchCoverage="100" isConstructor="false" isStatic="false" isGetter="true" isSetter="false">
              <Summary numSequencePoints="1" visitedSequencePoints="1" numBranchPoints="1" visitedBranchPoints="1" sequenceCoverage="100" branchCoverage="100" maxCyclomaticComplexity="1" minCyclomaticComplexity="1" visitedClasses="0" numClasses="0" visitedMethods="1" numMethods="1" />
              <MetadataToken>100663335</MetadataToken>
              <Name>System.String Cake.Tfx.Extension.Create.TfxExtensionCreateSettings::get_LocRoot()</Name>
              <FileRef uid="7" />
              <SequencePoints>
                <SequencePoint vc="22" uspid="129" ordinal="0" offset="0" sl="54" sc="33" el="54" ec="37" bec="0" bev="0" fileid="7" />
              </SequencePoints>
              <BranchPoints />
              <MethodPoint xsi:type="SequencePoint" vc="22" uspid="129" ordinal="0" offset="0" sl="54" sc="33" el="54" ec="37" bec="0" bev="0" fileid="7" />
            </Method>
            <Method visited="true" cyclomaticComplexity="1" nPathComplexity="0" sequenceCoverage="100" branchCoverage="100" isConstructor="false" isStatic="false" isGetter="false" isSetter="true">
              <Summary numSequencePoints="1" visitedSequencePoints="1" numBranchPoints="1" visitedBranchPoints="1" sequenceCoverage="100" branchCoverage="100" maxCyclomaticComplexity="1" minCyclomaticComplexity="1" visitedClasses="0" numClasses="0" visitedMethods="1" numMethods="1" />
              <MetadataToken>100663336</MetadataToken>
              <Name>System.Void Cake.Tfx.Extension.Create.TfxExtensionCreateSettings::set_LocRoot(System.String)</Name>
              <FileRef uid="7" />
              <SequencePoints>
                <SequencePoint vc="1" uspid="130" ordinal="0" offset="0" sl="54" sc="38" el="54" ec="42" bec="0" bev="0" fileid="7" />
              </SequencePoints>
              <BranchPoints />
              <MethodPoint xsi:type="SequencePoint" vc="1" uspid="130" ordinal="0" offset="0" sl="54" sc="38" el="54" ec="42" bec="0" bev="0" fileid="7" />
            </Method>
            <Method visited="true" cyclomaticComplexity="1" nPathComplexity="0" sequenceCoverage="0" branchCoverage="0" isConstructor="true" isStatic="false" isGetter="false" isSetter="false">
              <Summary numSequencePoints="0" visitedSequencePoints="0" numBranchPoints="0" visitedBranchPoints="0" sequenceCoverage="0" branchCoverage="0" maxCyclomaticComplexity="1" minCyclomaticComplexity="1" visitedClasses="0" numClasses="0" visitedMethods="0" numMethods="0" />
              <MetadataToken>100663337</MetadataToken>
              <Name>System.Void Cake.Tfx.Extension.Create.TfxExtensionCreateSettings::.ctor()</Name>
              <SequencePoints />
              <BranchPoints />
              <MethodPoint vc="22" uspid="131" ordinal="0" offset="0" />
            </Method>
          </Methods>
        </Class>
      </Classes>
    </Module>
    <Module skippedDueTo="Filter" hash="51-60-07-3A-41-C0-01-C6-0C-80-56-7D-83-63-89-31-36-5F-A9-FE">
      <ModulePath>C:\github\gep13\Cake.Tfx\BuildArtifacts\temp\_PublishedxUnitTests\Cake.Tfx.Tests\xunit.execution.desktop.dll</ModulePath>
      <ModuleTime>2015-12-01T08:26:36.0587165Z</ModuleTime>
      <ModuleName>xunit.execution.desktop</ModuleName>
      <Classes />
    </Module>
    <Module skippedDueTo="Filter" hash="8F-33-AF-33-F1-2C-DC-DD-38-A4-A3-D1-45-15-05-E4-B5-B5-80-94">
      <ModulePath>C:\github\gep13\Cake.Tfx\BuildArtifacts\temp\_PublishedxUnitTests\Cake.Tfx.Tests\Cake.Tfx.Tests.dll</ModulePath>
      <ModuleTime>2016-08-14T15:06:39.5420678Z</ModuleTime>
      <ModuleName>Cake.Tfx.Tests</ModuleName>
      <Classes />
    </Module>
    <Module skippedDueTo="Filter" hash="9F-06-B1-CA-CB-A0-C1-4D-45-F5-AA-8F-72-C0-DF-0F-F4-EF-29-CF">
      <ModulePath>C:\github\gep13\Cake.Tfx\BuildArtifacts\temp\_PublishedxUnitTests\Cake.Tfx.Tests\xunit.core.dll</ModulePath>
      <ModuleTime>2015-12-01T08:26:34.4435203Z</ModuleTime>
      <ModuleName>xunit.core</ModuleName>
      <Classes />
    </Module>
    <Module skippedDueTo="Filter" hash="0F-9F-A3-39-21-7F-A6-A8-62-42-36-5D-39-6A-E3-44-A3-53-08-C2">
      <ModulePath>C:\WINDOWS\Microsoft.Net\assembly\GAC_MSIL\System.Runtime\v4.0_4.0.0.0__b03f5f7f11d50a3a\System.Runtime.dll</ModulePath>
      <ModuleTime>2015-11-30T20:16:10.5004483Z</ModuleTime>
      <ModuleName>System.Runtime</ModuleName>
      <Classes />
    </Module>
    <Module skippedDueTo="Filter" hash="27-0A-97-DD-A0-B2-35-29-E2-FC-54-09-5F-DD-E0-F6-7A-D7-02-7D">
      <ModulePath>C:\WINDOWS\Microsoft.Net\assembly\GAC_MSIL\System.Threading.Tasks\v4.0_4.0.0.0__b03f5f7f11d50a3a\System.Threading.Tasks.dll</ModulePath>
      <ModuleTime>2013-08-10T00:55:31.3034258Z</ModuleTime>
      <ModuleName>System.Threading.Tasks</ModuleName>
      <Classes />
    </Module>
    <Module skippedDueTo="Filter" hash="E5-47-DF-DB-F9-44-F7-01-45-88-53-04-81-38-D1-35-A9-F1-C7-BC">
      <ModulePath>C:\WINDOWS\Microsoft.Net\assembly\GAC_MSIL\System.Collections\v4.0_4.0.0.0__b03f5f7f11d50a3a\System.Collections.dll</ModulePath>
      <ModuleTime>2015-11-30T20:16:16.2408257Z</ModuleTime>
      <ModuleName>System.Collections</ModuleName>
      <Classes />
    </Module>
    <Module skippedDueTo="Filter" hash="9B-79-31-3B-3B-26-1F-B9-05-41-D7-D9-7D-39-16-F6-6F-4F-81-7D">
      <ModulePath>C:\github\gep13\Cake.Tfx\BuildArtifacts\temp\_PublishedxUnitTests\Cake.Tfx.Tests\Cake.Testing.dll</ModulePath>
      <ModuleTime>2016-07-29T19:00:36Z</ModuleTime>
      <ModuleName>Cake.Testing</ModuleName>
      <Classes />
    </Module>
    <Module skippedDueTo="Filter" hash="3B-A3-F9-34-51-48-E5-F6-6D-D6-15-50-37-A9-BB-9E-AA-95-89-A4">
      <ModulePath>C:\github\gep13\Cake.Tfx\BuildArtifacts\temp\_PublishedxUnitTests\Cake.Tfx.Tests\Cake.Core.dll</ModulePath>
      <ModuleTime>2016-07-29T19:00:34Z</ModuleTime>
      <ModuleName>Cake.Core</ModuleName>
      <Classes />
    </Module>
    <Module skippedDueTo="Filter" hash="07-45-D5-E5-64-A5-50-1F-70-A0-AC-85-75-89-96-B5-69-A5-81-0F">
      <ModulePath>C:\github\gep13\Cake.Tfx\BuildArtifacts\temp\_PublishedxUnitTests\Cake.Tfx.Tests\xunit.assert.dll</ModulePath>
      <ModuleTime>2015-12-01T08:26:34.7925533Z</ModuleTime>
      <ModuleName>xunit.assert</ModuleName>
      <Classes />
    </Module>
    <Module skippedDueTo="Filter" hash="EC-FF-9D-4B-0C-AE-7A-3C-63-A6-9E-91-68-0A-BA-A4-D2-4E-03-EE">
      <ModulePath>C:\WINDOWS\Microsoft.Net\assembly\GAC_MSIL\System.Reflection\v4.0_4.0.0.0__b03f5f7f11d50a3a\System.Reflection.dll</ModulePath>
      <ModuleTime>2013-08-10T00:55:16.7082446Z</ModuleTime>
      <ModuleName>System.Reflection</ModuleName>
      <Classes />
    </Module>
    <Module skippedDueTo="Filter" hash="4C-89-BF-38-16-4E-9D-79-E6-3D-4C-DF-BA-B7-64-7C-0A-41-01-99">
      <ModulePath>C:\WINDOWS\Microsoft.Net\assembly\GAC_MSIL\System.Linq\v4.0_4.0.0.0__b03f5f7f11d50a3a\System.Linq.dll</ModulePath>
      <ModuleTime>2013-08-10T00:55:16.5363528Z</ModuleTime>
      <ModuleName>System.Linq</ModuleName>
      <Classes />
    </Module>
  </Modules>
</CoverageSession>